[13:29:28] [main/INFO] (FabricLoader) Loading for game Minecraft 1.17.1
[13:29:30] [main/INFO] (Fabric|Loader) [FabricLoader] Loading 48 mods:
	- fabric@0.36.1+1.17
	- fabric-api-base@0.3.0+a02b446313
	- fabric-api-lookup-api-v1@1.2.0+2b5c62d013
	- fabric-biome-api-v1@3.1.11+c345aea813
	- fabric-blockrenderlayer-v1@1.1.5+a02b446313
	- fabric-command-api-v1@1.1.2+6cefd57713
	- fabric-commands-v0@0.2.2+92519afa13
	- fabric-containers-v0@0.1.12+a02b446313
	- fabric-content-registries-v0@0.2.2+a02b446313
	- fabric-crash-report-info-v1@0.1.5+be9da31013
	- fabric-dimensions-v1@2.0.11+6cefd57713
	- fabric-entity-events-v1@1.1.0+a02b446313
	- fabric-events-interaction-v0@0.4.9+a722d8c013
	- fabric-events-lifecycle-v0@0.2.1+92519afa13
	- fabric-game-rule-api-v1@1.0.7+6cefd57713
	- fabric-item-api-v1@1.2.4+a02b446313
	- fabric-item-groups-v0@0.2.10+b7ab612113
	- fabric-key-binding-api-v1@1.0.4+a02b446313
	- fabric-keybindings-v0@0.2.2+36b77c3e13
	- fabric-lifecycle-events-v1@1.4.4+a02b446313
	- fabric-loot-tables-v1@1.0.4+a02b446313
	- fabric-mining-levels-v0@0.1.3+92519afa13
	- fabric-models-v0@0.3.0+a02b446313
	- fabric-networking-api-v1@1.0.12+6cefd57713
	- fabric-networking-blockentity-v0@0.2.11+a02b446313
	- fabric-networking-v0@0.3.2+92519afa13
	- fabric-object-builder-api-v1@1.10.9+b7ab612113
	- fabric-object-builders-v0@0.7.3+a02b446313
	- fabric-particles-v1@0.2.4+a02b446313
	- fabric-registry-sync-v0@0.7.10+e2961fee13
	- fabric-renderer-api-v1@0.4.4+5f02c96913
	- fabric-renderer-indigo@0.4.8+a02b446313
	- fabric-renderer-registries-v1@3.2.0+a02b446313
	- fabric-rendering-data-attachment-v1@0.1.5+a02b446313
	- fabric-rendering-fluids-v1@0.1.13+a02b446313
	- fabric-rendering-v0@1.1.2+92519afa13
	- fabric-rendering-v1@1.6.0+a02b446313
	- fabric-resource-loader-v0@0.4.7+b7ab612113
	- fabric-screen-api-v1@1.0.4+155f865c13
	- fabric-screen-handler-api-v1@1.1.8+a02b446313
	- fabric-structure-api-v1@1.1.12+6cefd57713
	- fabric-tag-extensions-v0@1.1.4+a02b446313
	- fabric-textures-v0@1.0.6+a02b446313
	- fabric-tool-attribute-api-v1@1.2.12+b7ab612113
	- fabricloader@0.11.6
	- java@16
	- minecraft@1.17.1
	- minecraft-by-leaziurd@0.0.1
[13:29:32] [main/INFO] (mixin) SpongePowered MIXIN Subsystem Version=0.8.2 Source=file:/home/leaziurd/.gradle/caches/modules-2/files-2.1/net.fabricmc/sponge-mixin/0.9.4+mixin.0.8.2/ef410951e94c7f4939cc74c86f8df371827818a4/sponge-mixin-0.9.4+mixin.0.8.2.jar Service=Knot/Fabric Env=CLIENT
[13:29:34] [main/INFO] (Fabric|MixinBootstrap) Loaded Fabric development mappings for mixin remapper!
[13:29:34] [main/INFO] (mixin) Compatibility level set to JAVA_16
[13:29:36] [main/WARN] (mixin) @Mixin target net/minecraft/server/world/ServerWorld$ServerEntityHandler is public in fabric-lifecycle-events-v1.mixins.json:ServerWorldEntityLoaderMixin and should be specified in value
[13:29:36] [main/WARN] (mixin) @Mixin target net/minecraft/client/world/ClientWorld$ClientEntityHandler is public in fabric-lifecycle-events-v1.mixins.json:client.ClientWorldEntityLoaderMixin and should be specified in value
[13:29:37] [main/WARN] (mixin) @Mixin target net/minecraft/client/render/block/BlockModelRenderer$AmbientOcclusionCalculator is public in fabric-renderer-indigo.mixins.json:MixinAmbientOcclusionCalculator and should be specified in value
[13:29:37] [main/WARN] (mixin) @Mixin target net/minecraft/client/render/chunk/ChunkBuilder$BuiltChunk$RebuildTask is public in fabric-renderer-indigo.mixins.json:MixinChunkRebuildTask and should be specified in value
[13:29:37] [main/WARN] (mixin) @Mixin target net/minecraft/server/network/ServerPlayNetworkHandler$1 is public in fabric-events-interaction-v0.mixins.json:MixinServerPlayNetworkHandler and should be specified in value
[13:29:37] [main/WARN] (mixin) @Mixin target net/minecraft/village/TradeOffers$TypeAwareBuyForOneEmeraldFactory is public in fabric-object-builder-v1.mixins.json:TypeAwareTradeMixin and should be specified in value
[13:29:38] [main/WARN] (mixin) @Mixin target net/minecraft/client/font/FontManager$1 is public in fabric-resource-loader-v0.mixins.json:client.FontManagerResourceReloadListenerMixin and should be specified in value
[13:29:39] [main/WARN] (mixin) @Mixin target net/minecraft/server/command/GameRuleCommand$1 is public in fabric-game-rule-api-v1.mixins.json:GameRuleCommandVisitorMixin and should be specified in value
[13:29:39] [main/WARN] (mixin) @Mixin target net/minecraft/client/gui/screen/world/EditGameRulesScreen$RuleListWidget$1 is public in fabric-game-rule-api-v1.mixins.json:client.RuleListWidgetVisitorMixin and should be specified in value
[13:29:39] [main/WARN] (mixin) @Mixin target net/minecraft/server/world/ThreadedAnvilChunkStorage$EntityTracker is public in fabric-networking-api-v1.mixins.json:accessor.EntityTrackerAccessor and should be specified in value
[13:29:39] [main/WARN] (mixin) @Mixin target net/minecraft/client/particle/ParticleManager$SimpleSpriteProvider is public in fabric-particles-v1.mixins.json:ParticleManagerAccessor$SimpleSpriteProviderAccessor and should be specified in value
[13:29:39] [main/WARN] (mixin) @Mixin target net/minecraft/data/server/AbstractTagProvider$ObjectBuilder is public in fabric-tag-extensions-v0.mixins.json:MixinObjectBuilder and should be specified in value
[13:29:39] [main/WARN] (mixin) @Mixin target net/minecraft/tag/RequiredTagList$TagWrapper is public in fabric-tag-extensions-v0.mixins.json:MixinTagImpl and should be specified in value
[13:29:43] [main/WARN] (FileUtil) Configuration conflict: there is more than one oshi.properties file on the classpath
[13:29:43] [main/WARN] (FileUtil) Configuration conflict: there is more than one oshi.architecture.properties file on the classpath
[13:30:08] [Render thread/INFO] (Minecraft) [STDERR]: [LWJGL] Failed to load a library. Possible solutions:
	a) Add the directory that contains the shared library to -Djava.library.path or -Dorg.lwjgl.librarypath.
	b) Add the JAR that contains the shared library to the classpath.
[13:30:08] [Render thread/INFO] (Minecraft) [STDERR]: [LWJGL] Enable debug mode with -Dorg.lwjgl.util.Debug=true for better diagnostics.
[13:30:08] [Render thread/INFO] (Minecraft) [STDERR]: [LWJGL] Enable the SharedLibraryLoader debug mode with -Dorg.lwjgl.util.DebugLoader=true for better diagnostics.
[13:30:09] [Render thread/WARN] (FileUtil) Configuration conflict: there is more than one oshi.architecture.properties file on the classpath
[13:30:13] [Render thread/INFO] (Minecraft) [STDERR]: java.lang.RuntimeException: java.lang.reflect.InvocationTargetException
[13:30:13] [Render thread/INFO] (Minecraft) [STDERR]: 	at net.fabricmc.loader.game.MinecraftGameProvider.launch(MinecraftGameProvider.java:236)
[13:30:13] [Render thread/INFO] (Minecraft) [STDERR]: 	at net.fabricmc.loader.launch.knot.Knot.launch(Knot.java:153)
[13:30:13] [Render thread/INFO] (Minecraft) [STDERR]: 	at net.fabricmc.loader.launch.knot.KnotClient.main(KnotClient.java:28)
[13:30:13] [Render thread/INFO] (Minecraft) [STDERR]: 	at net.fabricmc.devlaunchinjector.Main.main(Main.java:86)
[13:30:13] [Render thread/INFO] (Minecraft) [STDERR]: Caused by: java.lang.reflect.InvocationTargetException
[13:30:13] [Render thread/INFO] (Minecraft) [STDERR]: 	at java.base/jdk.internal.reflect.NativeMethodAccessorImpl.invoke0(Native Method)
[13:30:13] [Render thread/INFO] (Minecraft) [STDERR]: 	at java.base/jdk.internal.reflect.NativeMethodAccessorImpl.invoke(NativeMethodAccessorImpl.java:78)
[13:30:13] [Render thread/INFO] (Minecraft) [STDERR]: 	at java.base/jdk.internal.reflect.DelegatingMethodAccessorImpl.invoke(DelegatingMethodAccessorImpl.java:43)
[13:30:13] [Render thread/INFO] (Minecraft) [STDERR]: 	at java.base/java.lang.reflect.Method.invoke(Method.java:567)
[13:30:13] [Render thread/INFO] (Minecraft) [STDERR]: 	at net.fabricmc.loader.game.MinecraftGameProvider.launch(MinecraftGameProvider.java:234)
[13:30:13] [Render thread/INFO] (Minecraft) [STDERR]: 	... 3 more
[13:30:13] [Render thread/INFO] (Minecraft) [STDERR]: Caused by: java.lang.NoClassDefFoundError: Could not initialize class com.mojang.blaze3d.systems.RenderSystem
[13:30:13] [Render thread/INFO] (Minecraft) [STDERR]: 	at net.minecraft.util.SystemDetails.addSection(SystemDetails.java:65)
[13:30:13] [Render thread/INFO] (Minecraft) [STDERR]: 	at net.minecraft.client.MinecraftClient.addSystemDetailsToCrashReport(MinecraftClient.java:2417)
[13:30:13] [Render thread/INFO] (Minecraft) [STDERR]: 	at net.minecraft.client.MinecraftClient.addSystemDetailsToCrashReport(MinecraftClient.java:2412)
[13:30:13] [Render thread/INFO] (Minecraft) [STDERR]: 	at net.minecraft.client.main.Main.main(Main.java:187)
[13:30:13] [Render thread/INFO] (Minecraft) [STDERR]: 	... 8 more
